---
LOG: number
LOG: leaf
LOG: value
1234
LOG: customer
LOG: leaf
LOG: object
  name: Cust 1
  address: Address 1
LOG: customer.name
LOG: compound
LOG: name
LOG: leaf
LOG: value
Cust 1
LOG: lines
LOG: leaf
LOG: object
  0:
    item: 
    unitPrice: 
    quantity: 
    price: 
  1:
    item: Item 1/2
    unitPrice: 
    quantity: 
    price: 
LOG: lines.1
LOG: compound
LOG: 1
LOG: leaf
LOG: object
  item: Item 1/2
  unitPrice: 
  quantity: 
  price: 
LOG: lines.1.item
LOG: compound
LOG: 1.item
LOG: compound
LOG: item
LOG: leaf
LOG: value
Item 1/2
---
number: 1234
dueDate: 2014-02-13
totalAmount: 
customer:
  name: Cust 1
  address: Address 1
lines:
  0:
    item: 
    unitPrice: 
    quantity: 
    price: 
  1:
    item: Item 1/2
    unitPrice: 
    quantity: 
    price: 
invoice:
  number: 1234
  dueDate: 2014-02-13
  totalAmount: 
  customer:
    name: Cust 1
    address: Address 1
  lines:
    0:
      item: 
      unitPrice: 
      quantity: 
      price: 
    1:
      item: Item 1/2
      unitPrice: 
      quantity: 
      price: 
---
LOG: number
LOG: leaf
LOG: value
1235
LOG: customer
LOG: leaf
LOG: object
  name: Cust 2
  address: 
LOG: customer.name
LOG: compound
LOG: name
LOG: leaf
LOG: value
Cust 2
LOG: lines
LOG: leaf
LOG: object
  0:
    item: 
    unitPrice: 
    quantity: 
    price: 
  1:
    item: 
    unitPrice: 
    quantity: 
    price: 
LOG: lines.1
LOG: compound
LOG: 1
LOG: leaf
LOG: object
  item: 
  unitPrice: 
  quantity: 
  price: 
LOG: lines.1.item
LOG: compound
LOG: 1.item
LOG: compound
LOG: item
LOG: leaf
LOG: value

---
number: 1235
dueDate: 
totalAmount: 
customer:
  name: Cust 2
  address: 
lines:
  0:
    item: 
    unitPrice: 
    quantity: 
    price: 
  1:
    item: 
    unitPrice: 
    quantity: 
    price: 
invoice:
  number: 1235
  dueDate: 
  totalAmount: 
  customer:
    name: Cust 2
    address: 
  lines:
    0:
      item: 
      unitPrice: 
      quantity: 
      price: 
    1:
      item: 
      unitPrice: 
      quantity: 
      price: 
---
LOG: number
LOG: leaf
LOG: value
1236
LOG: customer
LOG: leaf
LOG: object
  name: Cust 3
  address: 
LOG: customer.name
LOG: compound
LOG: name
LOG: leaf
LOG: value
Cust 3
LOG: lines
LOG: leaf
LOG: object
  0:
    item: Item 3/1
    unitPrice: 
    quantity: 
    price: 
  1:
    item: Item 3/2
    unitPrice: 
    quantity: 
    price: 0
LOG: lines.1
LOG: compound
LOG: 1
LOG: leaf
LOG: object
  item: Item 3/2
  unitPrice: 
  quantity: 
  price: 0
LOG: lines.1.item
LOG: compound
LOG: 1.item
LOG: compound
LOG: item
LOG: leaf
LOG: value
Item 3/2
---
number: 1236
dueDate: 
totalAmount: 
customer:
  name: Cust 3
  address: 
lines:
  0:
    item: Item 3/1
    unitPrice: 
    quantity: 
    price: 
  1:
    item: Item 3/2
    unitPrice: 
    quantity: 
    price: 0
invoice:
  number: 1236
  dueDate: 
  totalAmount: 
  customer:
    name: Cust 3
    address: 
  lines:
    0:
      item: Item 3/1
      unitPrice: 
      quantity: 
      price: 
    1:
      item: Item 3/2
      unitPrice: 
      quantity: 
      price: 0
